<?xml version="1.0" encoding="UTF-8"?>
<!-- Generated by org.testng.reporters.JUnitReportReporter -->
<testsuite hostname="MacBook-Pro.local" name="com.org.learningMaven.myProjectMaven1.Page1" tests="1" failures="0" timestamp="19 Feb 2016 19:09:45 GMT" time="5.748" errors="0">
  <testcase name="InvokeBrowser" time="5.748" classname="com.org.learningMaven.myProjectMaven1.Page1"/>
</testsuite> <!-- com.org.learningMaven.myProjectMaven1.Page1 -->
